<?xml version="1.0" encoding="UTF-8"?>
<testng-results ignored="0" total="1" passed="1" failed="0" skipped="0">
  <reporter-output>
  </reporter-output>
  <suite started-at="2022-03-10T16:21:02 IST" name="Default suite" finished-at="2022-03-10T16:21:02 IST" duration-ms="58">
    <groups>
    </groups>
    <test started-at="2022-03-10T16:21:02 IST" name="Default test" finished-at="2022-03-10T16:21:02 IST" duration-ms="58">
      <class name="GitHubDemo.Demo2">
        <test-method signature="demo2()[pri:0, instance:GitHubDemo.Demo2@2beee7ff]" started-at="2022-03-10T16:21:02 IST" name="demo2" finished-at="2022-03-10T16:21:02 IST" duration-ms="10" status="PASS">
          <reporter-output>
          </reporter-output>
        </test-method> <!-- demo2 -->
      </class> <!-- GitHubDemo.Demo2 -->
    </test> <!-- Default test -->
  </suite> <!-- Default suite -->
</testng-results>
