<?xml version="1.0" encoding="UTF-8"?>
<testng-results ignored="0" total="1" passed="1" failed="0" skipped="0">
  <reporter-output>
  </reporter-output>
  <suite started-at="2022-03-10T15:49:07 IST" name="Default suite" finished-at="2022-03-10T15:49:07 IST" duration-ms="66">
    <groups>
    </groups>
    <test started-at="2022-03-10T15:49:07 IST" name="Default test" finished-at="2022-03-10T15:49:07 IST" duration-ms="66">
      <class name="GitHubDemo.DemoPractice">
        <test-method signature="demoPractice()[pri:0, instance:GitHubDemo.DemoPractice@2beee7ff]" started-at="2022-03-10T15:49:07 IST" name="demoPractice" finished-at="2022-03-10T15:49:07 IST" duration-ms="12" status="PASS">
          <reporter-output>
          </reporter-output>
        </test-method> <!-- demoPractice -->
      </class> <!-- GitHubDemo.DemoPractice -->
    </test> <!-- Default test -->
  </suite> <!-- Default suite -->
</testng-results>
